mode: set
github.com/nineteen-night/empty-room-game/internal/auth/services/authService/auth_service.go:36.108,43.2 1 1
github.com/nineteen-night/empty-room-game/internal/auth/services/authService/auth_service.go:45.63,47.2 1 1
github.com/nineteen-night/empty-room-game/internal/auth/services/authService/login.go:11.99,12.63 1 1
github.com/nineteen-night/empty-room-game/internal/auth/services/authService/login.go:12.63,14.6 1 0
github.com/nineteen-night/empty-room-game/internal/auth/services/authService/login.go:16.5,17.19 2 1
github.com/nineteen-night/empty-room-game/internal/auth/services/authService/login.go:17.19,19.6 1 1
github.com/nineteen-night/empty-room-game/internal/auth/services/authService/login.go:20.5,20.20 1 1
github.com/nineteen-night/empty-room-game/internal/auth/services/authService/login.go:20.20,22.6 1 1
github.com/nineteen-night/empty-room-game/internal/auth/services/authService/login.go:24.5,24.70 1 1
github.com/nineteen-night/empty-room-game/internal/auth/services/authService/login.go:24.70,26.6 1 1
github.com/nineteen-night/empty-room-game/internal/auth/services/authService/login.go:28.5,28.21 1 1
github.com/nineteen-night/empty-room-game/internal/auth/services/authService/partnership.go:11.130,12.83 1 1
github.com/nineteen-night/empty-room-game/internal/auth/services/authService/partnership.go:12.83,15.6 1 1
github.com/nineteen-night/empty-room-game/internal/auth/services/authService/partnership.go:17.5,18.19 2 1
github.com/nineteen-night/empty-room-game/internal/auth/services/authService/partnership.go:18.19,20.6 1 0
github.com/nineteen-night/empty-room-game/internal/auth/services/authService/partnership.go:21.5,21.23 1 1
github.com/nineteen-night/empty-room-game/internal/auth/services/authService/partnership.go:21.23,23.6 1 1
github.com/nineteen-night/empty-room-game/internal/auth/services/authService/partnership.go:25.5,25.84 1 1
github.com/nineteen-night/empty-room-game/internal/auth/services/authService/partnership.go:25.84,27.6 1 1
github.com/nineteen-night/empty-room-game/internal/auth/services/authService/partnership.go:29.5,30.19 2 1
github.com/nineteen-night/empty-room-game/internal/auth/services/authService/partnership.go:30.19,32.6 1 0
github.com/nineteen-night/empty-room-game/internal/auth/services/authService/partnership.go:34.5,34.35 1 1
github.com/nineteen-night/empty-room-game/internal/auth/services/authService/partnership.go:34.35,36.6 1 1
github.com/nineteen-night/empty-room-game/internal/auth/services/authService/partnership.go:38.5,39.19 2 1
github.com/nineteen-night/empty-room-game/internal/auth/services/authService/partnership.go:39.19,41.6 1 0
github.com/nineteen-night/empty-room-game/internal/auth/services/authService/partnership.go:43.5,43.29 1 1
github.com/nineteen-night/empty-room-game/internal/auth/services/authService/partnership.go:43.29,44.115 1 1
github.com/nineteen-night/empty-room-game/internal/auth/services/authService/partnership.go:44.115,46.10 1 1
github.com/nineteen-night/empty-room-game/internal/auth/services/authService/partnership.go:49.5,53.11 1 1
github.com/nineteen-night/empty-room-game/internal/auth/services/authService/partnership.go:56.93,57.75 1 1
github.com/nineteen-night/empty-room-game/internal/auth/services/authService/partnership.go:57.75,59.6 1 1
github.com/nineteen-night/empty-room-game/internal/auth/services/authService/partnership.go:61.5,61.82 1 1
github.com/nineteen-night/empty-room-game/internal/auth/services/authService/partnership.go:61.82,63.6 1 1
github.com/nineteen-night/empty-room-game/internal/auth/services/authService/partnership.go:65.5,65.29 1 1
github.com/nineteen-night/empty-room-game/internal/auth/services/authService/partnership.go:65.29,66.91 1 1
github.com/nineteen-night/empty-room-game/internal/auth/services/authService/partnership.go:66.91,68.10 1 1
github.com/nineteen-night/empty-room-game/internal/auth/services/authService/partnership.go:71.5,71.15 1 1
github.com/nineteen-night/empty-room-game/internal/auth/services/authService/register.go:11.109,12.77 1 1
github.com/nineteen-night/empty-room-game/internal/auth/services/authService/register.go:12.77,14.6 1 1
github.com/nineteen-night/empty-room-game/internal/auth/services/authService/register.go:16.5,17.19 2 1
github.com/nineteen-night/empty-room-game/internal/auth/services/authService/register.go:17.19,19.6 1 0
github.com/nineteen-night/empty-room-game/internal/auth/services/authService/register.go:20.5,20.24 1 1
github.com/nineteen-night/empty-room-game/internal/auth/services/authService/register.go:20.24,22.6 1 1
github.com/nineteen-night/empty-room-game/internal/auth/services/authService/register.go:24.5,25.19 2 1
github.com/nineteen-night/empty-room-game/internal/auth/services/authService/register.go:25.19,27.6 1 1
github.com/nineteen-night/empty-room-game/internal/auth/services/authService/register.go:29.5,37.19 3 1
github.com/nineteen-night/empty-room-game/internal/auth/services/authService/register.go:37.19,39.6 1 1
github.com/nineteen-night/empty-room-game/internal/auth/services/authService/register.go:41.5,42.21 2 1
github.com/nineteen-night/empty-room-game/internal/auth/services/authService/user.go:11.89,13.19 2 1
github.com/nineteen-night/empty-room-game/internal/auth/services/authService/user.go:13.19,15.6 1 1
github.com/nineteen-night/empty-room-game/internal/auth/services/authService/user.go:16.5,16.20 1 1
github.com/nineteen-night/empty-room-game/internal/auth/services/authService/user.go:16.20,18.6 1 1
github.com/nineteen-night/empty-room-game/internal/auth/services/authService/user.go:19.5,19.21 1 1
github.com/nineteen-night/empty-room-game/internal/auth/services/authService/user.go:22.103,23.72 1 1
github.com/nineteen-night/empty-room-game/internal/auth/services/authService/user.go:23.72,25.3 1 1
github.com/nineteen-night/empty-room-game/internal/auth/services/authService/user.go:27.5,28.19 2 1
github.com/nineteen-night/empty-room-game/internal/auth/services/authService/user.go:28.19,30.6 1 1
github.com/nineteen-night/empty-room-game/internal/auth/services/authService/user.go:32.5,32.16 1 1
github.com/nineteen-night/empty-room-game/internal/auth/services/authService/user.go:32.16,34.6 1 1
github.com/nineteen-night/empty-room-game/internal/auth/services/authService/user.go:36.5,36.15 1 1
github.com/nineteen-night/empty-room-game/internal/auth/services/authService/validate.go:12.84,13.69 1 1
github.com/nineteen-night/empty-room-game/internal/auth/services/authService/validate.go:13.69,16.6 1 1
github.com/nineteen-night/empty-room-game/internal/auth/services/authService/validate.go:18.5,18.26 1 1
github.com/nineteen-night/empty-room-game/internal/auth/services/authService/validate.go:18.26,20.6 1 1
github.com/nineteen-night/empty-room-game/internal/auth/services/authService/validate.go:22.5,22.31 1 1
github.com/nineteen-night/empty-room-game/internal/auth/services/authService/validate.go:22.31,24.6 1 1
github.com/nineteen-night/empty-room-game/internal/auth/services/authService/validate.go:26.5,26.15 1 1
github.com/nineteen-night/empty-room-game/internal/auth/services/authService/validate.go:30.70,31.69 1 1
github.com/nineteen-night/empty-room-game/internal/auth/services/authService/validate.go:31.69,34.6 1 1
github.com/nineteen-night/empty-room-game/internal/auth/services/authService/validate.go:36.5,36.26 1 1
github.com/nineteen-night/empty-room-game/internal/auth/services/authService/validate.go:36.26,38.6 1 1
github.com/nineteen-night/empty-room-game/internal/auth/services/authService/validate.go:40.5,40.15 1 1
github.com/nineteen-night/empty-room-game/internal/auth/services/authService/validate.go:44.82,45.39 1 1
github.com/nineteen-night/empty-room-game/internal/auth/services/authService/validate.go:45.39,47.6 1 1
github.com/nineteen-night/empty-room-game/internal/auth/services/authService/validate.go:49.5,49.27 1 1
github.com/nineteen-night/empty-room-game/internal/auth/services/authService/validate.go:49.27,51.6 1 1
github.com/nineteen-night/empty-room-game/internal/auth/services/authService/validate.go:53.5,53.15 1 1
github.com/nineteen-night/empty-room-game/internal/auth/services/authService/validate.go:57.82,58.28 1 1
github.com/nineteen-night/empty-room-game/internal/auth/services/authService/validate.go:58.28,60.6 1 1
github.com/nineteen-night/empty-room-game/internal/auth/services/authService/validate.go:61.5,61.15 1 1
github.com/nineteen-night/empty-room-game/internal/auth/services/authService/validate.go:65.55,66.40 1 1
github.com/nineteen-night/empty-room-game/internal/auth/services/authService/validate.go:66.40,68.3 1 1
github.com/nineteen-night/empty-room-game/internal/auth/services/authService/validate.go:70.2,71.16 2 1
github.com/nineteen-night/empty-room-game/internal/auth/services/authService/validate.go:71.16,73.3 1 1
github.com/nineteen-night/empty-room-game/internal/auth/services/authService/validate.go:75.2,76.21 2 1
github.com/nineteen-night/empty-room-game/internal/auth/services/authService/validate.go:76.21,78.3 1 0
github.com/nineteen-night/empty-room-game/internal/auth/services/authService/validate.go:81.2,81.46 1 1
github.com/nineteen-night/empty-room-game/internal/auth/services/authService/validate.go:81.46,83.3 1 1
github.com/nineteen-night/empty-room-game/internal/auth/services/authService/validate.go:86.2,86.47 1 1
github.com/nineteen-night/empty-room-game/internal/auth/services/authService/validate.go:86.47,88.3 1 0
github.com/nineteen-night/empty-room-game/internal/auth/services/authService/validate.go:90.2,90.13 1 1
github.com/nineteen-night/empty-room-game/internal/auth/services/authService/validate.go:94.85,95.21 1 1
github.com/nineteen-night/empty-room-game/internal/auth/services/authService/validate.go:95.21,97.6 1 1
github.com/nineteen-night/empty-room-game/internal/auth/services/authService/validate.go:99.5,99.23 1 1
github.com/nineteen-night/empty-room-game/internal/auth/services/authService/validate.go:99.23,101.6 1 1
github.com/nineteen-night/empty-room-game/internal/auth/services/authService/validate.go:103.5,103.15 1 1
