mode: set
github.com/nineteen-night/empty-room-game/internal/auth/services/authService/mocks/auth_storage_mock.go:21.55,23.2 1 0
github.com/nineteen-night/empty-room-game/internal/auth/services/authService/mocks/auth_storage_mock.go:26.77,29.19 2 0
github.com/nineteen-night/empty-room-game/internal/auth/services/authService/mocks/auth_storage_mock.go:29.19,30.59 1 0
github.com/nineteen-night/empty-room-game/internal/auth/services/authService/mocks/auth_storage_mock.go:33.2,34.58 2 0
github.com/nineteen-night/empty-room-game/internal/auth/services/authService/mocks/auth_storage_mock.go:34.58,36.3 1 0
github.com/nineteen-night/empty-room-game/internal/auth/services/authService/mocks/auth_storage_mock.go:36.8,38.3 1 0
github.com/nineteen-night/empty-room-game/internal/auth/services/authService/mocks/auth_storage_mock.go:40.2,40.11 1 0
github.com/nineteen-night/empty-room-game/internal/auth/services/authService/mocks/auth_storage_mock.go:51.127,53.2 1 0
github.com/nineteen-night/empty-room-game/internal/auth/services/authService/mocks/auth_storage_mock.go:55.127,56.40 1 0
github.com/nineteen-night/empty-room-game/internal/auth/services/authService/mocks/auth_storage_mock.go:56.40,58.3 1 0
github.com/nineteen-night/empty-room-game/internal/auth/services/authService/mocks/auth_storage_mock.go:59.2,59.11 1 0
github.com/nineteen-night/empty-room-game/internal/auth/services/authService/mocks/auth_storage_mock.go:62.100,65.2 2 0
github.com/nineteen-night/empty-room-game/internal/auth/services/authService/mocks/auth_storage_mock.go:67.127,70.2 2 0
github.com/nineteen-night/empty-room-game/internal/auth/services/authService/mocks/auth_storage_mock.go:73.111,76.19 2 0
github.com/nineteen-night/empty-room-game/internal/auth/services/authService/mocks/auth_storage_mock.go:76.19,77.59 1 0
github.com/nineteen-night/empty-room-game/internal/auth/services/authService/mocks/auth_storage_mock.go:80.2,82.86 3 0
github.com/nineteen-night/empty-room-game/internal/auth/services/authService/mocks/auth_storage_mock.go:82.86,84.3 1 0
github.com/nineteen-night/empty-room-game/internal/auth/services/authService/mocks/auth_storage_mock.go:85.2,85.77 1 0
github.com/nineteen-night/empty-room-game/internal/auth/services/authService/mocks/auth_storage_mock.go:85.77,87.3 1 0
github.com/nineteen-night/empty-room-game/internal/auth/services/authService/mocks/auth_storage_mock.go:87.8,89.3 1 0
github.com/nineteen-night/empty-room-game/internal/auth/services/authService/mocks/auth_storage_mock.go:91.2,91.76 1 0
github.com/nineteen-night/empty-room-game/internal/auth/services/authService/mocks/auth_storage_mock.go:91.76,93.3 1 0
github.com/nineteen-night/empty-room-game/internal/auth/services/authService/mocks/auth_storage_mock.go:93.8,95.3 1 0
github.com/nineteen-night/empty-room-game/internal/auth/services/authService/mocks/auth_storage_mock.go:97.2,97.15 1 0
github.com/nineteen-night/empty-room-game/internal/auth/services/authService/mocks/auth_storage_mock.go:109.146,111.2 1 0
github.com/nineteen-night/empty-room-game/internal/auth/services/authService/mocks/auth_storage_mock.go:113.150,114.40 1 0
github.com/nineteen-night/empty-room-game/internal/auth/services/authService/mocks/auth_storage_mock.go:114.40,116.3 1 0
github.com/nineteen-night/empty-room-game/internal/auth/services/authService/mocks/auth_storage_mock.go:117.2,117.11 1 0
github.com/nineteen-night/empty-room-game/internal/auth/services/authService/mocks/auth_storage_mock.go:120.113,123.2 2 0
github.com/nineteen-night/empty-room-game/internal/auth/services/authService/mocks/auth_storage_mock.go:125.155,128.2 2 0
github.com/nineteen-night/empty-room-game/internal/auth/services/authService/mocks/auth_storage_mock.go:131.91,134.19 2 0
github.com/nineteen-night/empty-room-game/internal/auth/services/authService/mocks/auth_storage_mock.go:134.19,135.52 1 0
github.com/nineteen-night/empty-room-game/internal/auth/services/authService/mocks/auth_storage_mock.go:138.2,140.84 3 0
github.com/nineteen-night/empty-room-game/internal/auth/services/authService/mocks/auth_storage_mock.go:140.84,142.3 1 0
github.com/nineteen-night/empty-room-game/internal/auth/services/authService/mocks/auth_storage_mock.go:143.2,143.75 1 0
github.com/nineteen-night/empty-room-game/internal/auth/services/authService/mocks/auth_storage_mock.go:143.75,145.3 1 0
github.com/nineteen-night/empty-room-game/internal/auth/services/authService/mocks/auth_storage_mock.go:145.8,147.3 1 0
github.com/nineteen-night/empty-room-game/internal/auth/services/authService/mocks/auth_storage_mock.go:149.2,149.74 1 0
github.com/nineteen-night/empty-room-game/internal/auth/services/authService/mocks/auth_storage_mock.go:149.74,151.3 1 0
github.com/nineteen-night/empty-room-game/internal/auth/services/authService/mocks/auth_storage_mock.go:151.8,153.3 1 0
github.com/nineteen-night/empty-room-game/internal/auth/services/authService/mocks/auth_storage_mock.go:155.2,155.15 1 0
github.com/nineteen-night/empty-room-game/internal/auth/services/authService/mocks/auth_storage_mock.go:166.108,168.2 1 0
github.com/nineteen-night/empty-room-game/internal/auth/services/authService/mocks/auth_storage_mock.go:170.123,171.40 1 0
github.com/nineteen-night/empty-room-game/internal/auth/services/authService/mocks/auth_storage_mock.go:171.40,173.3 1 0
github.com/nineteen-night/empty-room-game/internal/auth/services/authService/mocks/auth_storage_mock.go:174.2,174.11 1 0
github.com/nineteen-night/empty-room-game/internal/auth/services/authService/mocks/auth_storage_mock.go:177.99,180.2 2 0
github.com/nineteen-night/empty-room-game/internal/auth/services/authService/mocks/auth_storage_mock.go:182.139,185.2 2 0
github.com/nineteen-night/empty-room-game/internal/auth/services/authService/mocks/auth_storage_mock.go:188.133,191.19 2 0
github.com/nineteen-night/empty-room-game/internal/auth/services/authService/mocks/auth_storage_mock.go:191.19,192.68 1 0
github.com/nineteen-night/empty-room-game/internal/auth/services/authService/mocks/auth_storage_mock.go:195.2,197.99 3 0
github.com/nineteen-night/empty-room-game/internal/auth/services/authService/mocks/auth_storage_mock.go:197.99,199.3 1 0
github.com/nineteen-night/empty-room-game/internal/auth/services/authService/mocks/auth_storage_mock.go:200.2,200.90 1 0
github.com/nineteen-night/empty-room-game/internal/auth/services/authService/mocks/auth_storage_mock.go:200.90,202.3 1 0
github.com/nineteen-night/empty-room-game/internal/auth/services/authService/mocks/auth_storage_mock.go:202.8,203.24 1 0
github.com/nineteen-night/empty-room-game/internal/auth/services/authService/mocks/auth_storage_mock.go:203.24,205.4 1 0
github.com/nineteen-night/empty-room-game/internal/auth/services/authService/mocks/auth_storage_mock.go:208.2,208.76 1 0
github.com/nineteen-night/empty-room-game/internal/auth/services/authService/mocks/auth_storage_mock.go:208.76,210.3 1 0
github.com/nineteen-night/empty-room-game/internal/auth/services/authService/mocks/auth_storage_mock.go:210.8,212.3 1 0
github.com/nineteen-night/empty-room-game/internal/auth/services/authService/mocks/auth_storage_mock.go:214.2,214.15 1 0
github.com/nineteen-night/empty-room-game/internal/auth/services/authService/mocks/auth_storage_mock.go:226.164,228.2 1 0
github.com/nineteen-night/empty-room-game/internal/auth/services/authService/mocks/auth_storage_mock.go:230.168,231.40 1 0
github.com/nineteen-night/empty-room-game/internal/auth/services/authService/mocks/auth_storage_mock.go:231.40,233.3 1 0
github.com/nineteen-night/empty-room-game/internal/auth/services/authService/mocks/auth_storage_mock.go:234.2,234.11 1 0
github.com/nineteen-night/empty-room-game/internal/auth/services/authService/mocks/auth_storage_mock.go:237.144,240.2 2 0
github.com/nineteen-night/empty-room-game/internal/auth/services/authService/mocks/auth_storage_mock.go:242.186,245.2 2 0
github.com/nineteen-night/empty-room-game/internal/auth/services/authService/mocks/auth_storage_mock.go:248.115,251.19 2 0
github.com/nineteen-night/empty-room-game/internal/auth/services/authService/mocks/auth_storage_mock.go:251.19,252.60 1 0
github.com/nineteen-night/empty-room-game/internal/auth/services/authService/mocks/auth_storage_mock.go:255.2,257.91 3 0
github.com/nineteen-night/empty-room-game/internal/auth/services/authService/mocks/auth_storage_mock.go:257.91,259.3 1 0
github.com/nineteen-night/empty-room-game/internal/auth/services/authService/mocks/auth_storage_mock.go:260.2,260.82 1 0
github.com/nineteen-night/empty-room-game/internal/auth/services/authService/mocks/auth_storage_mock.go:260.82,262.3 1 0
github.com/nineteen-night/empty-room-game/internal/auth/services/authService/mocks/auth_storage_mock.go:262.8,263.24 1 0
github.com/nineteen-night/empty-room-game/internal/auth/services/authService/mocks/auth_storage_mock.go:263.24,265.4 1 0
github.com/nineteen-night/empty-room-game/internal/auth/services/authService/mocks/auth_storage_mock.go:268.2,268.68 1 0
github.com/nineteen-night/empty-room-game/internal/auth/services/authService/mocks/auth_storage_mock.go:268.68,270.3 1 0
github.com/nineteen-night/empty-room-game/internal/auth/services/authService/mocks/auth_storage_mock.go:270.8,272.3 1 0
github.com/nineteen-night/empty-room-game/internal/auth/services/authService/mocks/auth_storage_mock.go:274.2,274.15 1 0
github.com/nineteen-night/empty-room-game/internal/auth/services/authService/mocks/auth_storage_mock.go:285.133,287.2 1 0
github.com/nineteen-night/empty-room-game/internal/auth/services/authService/mocks/auth_storage_mock.go:289.142,290.40 1 0
github.com/nineteen-night/empty-room-game/internal/auth/services/authService/mocks/auth_storage_mock.go:290.40,292.3 1 0
github.com/nineteen-night/empty-room-game/internal/auth/services/authService/mocks/auth_storage_mock.go:293.2,293.11 1 0
github.com/nineteen-night/empty-room-game/internal/auth/services/authService/mocks/auth_storage_mock.go:296.128,299.2 2 0
github.com/nineteen-night/empty-room-game/internal/auth/services/authService/mocks/auth_storage_mock.go:301.162,304.2 2 0
github.com/nineteen-night/empty-room-game/internal/auth/services/authService/mocks/auth_storage_mock.go:307.94,310.19 2 0
github.com/nineteen-night/empty-room-game/internal/auth/services/authService/mocks/auth_storage_mock.go:310.19,311.53 1 0
github.com/nineteen-night/empty-room-game/internal/auth/services/authService/mocks/auth_storage_mock.go:314.2,316.84 3 0
github.com/nineteen-night/empty-room-game/internal/auth/services/authService/mocks/auth_storage_mock.go:316.84,318.3 1 0
github.com/nineteen-night/empty-room-game/internal/auth/services/authService/mocks/auth_storage_mock.go:319.2,319.75 1 0
github.com/nineteen-night/empty-room-game/internal/auth/services/authService/mocks/auth_storage_mock.go:319.75,321.3 1 0
github.com/nineteen-night/empty-room-game/internal/auth/services/authService/mocks/auth_storage_mock.go:321.8,322.24 1 0
github.com/nineteen-night/empty-room-game/internal/auth/services/authService/mocks/auth_storage_mock.go:322.24,324.4 1 0
github.com/nineteen-night/empty-room-game/internal/auth/services/authService/mocks/auth_storage_mock.go:327.2,327.68 1 0
github.com/nineteen-night/empty-room-game/internal/auth/services/authService/mocks/auth_storage_mock.go:327.68,329.3 1 0
github.com/nineteen-night/empty-room-game/internal/auth/services/authService/mocks/auth_storage_mock.go:329.8,331.3 1 0
github.com/nineteen-night/empty-room-game/internal/auth/services/authService/mocks/auth_storage_mock.go:333.2,333.15 1 0
github.com/nineteen-night/empty-room-game/internal/auth/services/authService/mocks/auth_storage_mock.go:344.112,346.2 1 0
github.com/nineteen-night/empty-room-game/internal/auth/services/authService/mocks/auth_storage_mock.go:348.121,349.40 1 0
github.com/nineteen-night/empty-room-game/internal/auth/services/authService/mocks/auth_storage_mock.go:349.40,351.3 1 0
github.com/nineteen-night/empty-room-game/internal/auth/services/authService/mocks/auth_storage_mock.go:352.2,352.11 1 0
github.com/nineteen-night/empty-room-game/internal/auth/services/authService/mocks/auth_storage_mock.go:355.107,358.2 2 0
github.com/nineteen-night/empty-room-game/internal/auth/services/authService/mocks/auth_storage_mock.go:360.141,363.2 2 0
github.com/nineteen-night/empty-room-game/internal/auth/services/authService/mocks/auth_storage_mock.go:366.102,369.19 2 0
github.com/nineteen-night/empty-room-game/internal/auth/services/authService/mocks/auth_storage_mock.go:369.19,370.59 1 0
github.com/nineteen-night/empty-room-game/internal/auth/services/authService/mocks/auth_storage_mock.go:373.2,375.84 3 0
github.com/nineteen-night/empty-room-game/internal/auth/services/authService/mocks/auth_storage_mock.go:375.84,377.3 1 0
github.com/nineteen-night/empty-room-game/internal/auth/services/authService/mocks/auth_storage_mock.go:378.2,378.75 1 0
github.com/nineteen-night/empty-room-game/internal/auth/services/authService/mocks/auth_storage_mock.go:378.75,380.3 1 0
github.com/nineteen-night/empty-room-game/internal/auth/services/authService/mocks/auth_storage_mock.go:380.8,381.24 1 0
github.com/nineteen-night/empty-room-game/internal/auth/services/authService/mocks/auth_storage_mock.go:381.24,383.4 1 0
github.com/nineteen-night/empty-room-game/internal/auth/services/authService/mocks/auth_storage_mock.go:386.2,386.68 1 0
github.com/nineteen-night/empty-room-game/internal/auth/services/authService/mocks/auth_storage_mock.go:386.68,388.3 1 0
github.com/nineteen-night/empty-room-game/internal/auth/services/authService/mocks/auth_storage_mock.go:388.8,390.3 1 0
github.com/nineteen-night/empty-room-game/internal/auth/services/authService/mocks/auth_storage_mock.go:392.2,392.15 1 0
github.com/nineteen-night/empty-room-game/internal/auth/services/authService/mocks/auth_storage_mock.go:403.126,405.2 1 0
github.com/nineteen-night/empty-room-game/internal/auth/services/authService/mocks/auth_storage_mock.go:407.135,408.40 1 0
github.com/nineteen-night/empty-room-game/internal/auth/services/authService/mocks/auth_storage_mock.go:408.40,410.3 1 0
github.com/nineteen-night/empty-room-game/internal/auth/services/authService/mocks/auth_storage_mock.go:411.2,411.11 1 0
github.com/nineteen-night/empty-room-game/internal/auth/services/authService/mocks/auth_storage_mock.go:414.119,417.2 2 0
github.com/nineteen-night/empty-room-game/internal/auth/services/authService/mocks/auth_storage_mock.go:419.153,422.2 2 0
github.com/nineteen-night/empty-room-game/internal/auth/services/authService/mocks/auth_storage_mock.go:425.70,428.19 2 0
github.com/nineteen-night/empty-room-game/internal/auth/services/authService/mocks/auth_storage_mock.go:428.19,429.54 1 0
github.com/nineteen-night/empty-room-game/internal/auth/services/authService/mocks/auth_storage_mock.go:432.2,434.61 3 0
github.com/nineteen-night/empty-room-game/internal/auth/services/authService/mocks/auth_storage_mock.go:434.61,436.3 1 0
github.com/nineteen-night/empty-room-game/internal/auth/services/authService/mocks/auth_storage_mock.go:437.2,437.52 1 0
github.com/nineteen-night/empty-room-game/internal/auth/services/authService/mocks/auth_storage_mock.go:437.52,439.3 1 0
github.com/nineteen-night/empty-room-game/internal/auth/services/authService/mocks/auth_storage_mock.go:439.8,441.3 1 0
github.com/nineteen-night/empty-room-game/internal/auth/services/authService/mocks/auth_storage_mock.go:443.2,443.51 1 0
github.com/nineteen-night/empty-room-game/internal/auth/services/authService/mocks/auth_storage_mock.go:443.51,445.3 1 0
github.com/nineteen-night/empty-room-game/internal/auth/services/authService/mocks/auth_storage_mock.go:445.8,447.3 1 0
github.com/nineteen-night/empty-room-game/internal/auth/services/authService/mocks/auth_storage_mock.go:449.2,449.15 1 0
github.com/nineteen-night/empty-room-game/internal/auth/services/authService/mocks/auth_storage_mock.go:459.99,461.2 1 0
github.com/nineteen-night/empty-room-game/internal/auth/services/authService/mocks/auth_storage_mock.go:463.104,464.40 1 0
github.com/nineteen-night/empty-room-game/internal/auth/services/authService/mocks/auth_storage_mock.go:464.40,466.3 1 0
github.com/nineteen-night/empty-room-game/internal/auth/services/authService/mocks/auth_storage_mock.go:467.2,467.11 1 0
github.com/nineteen-night/empty-room-game/internal/auth/services/authService/mocks/auth_storage_mock.go:470.103,473.2 2 0
github.com/nineteen-night/empty-room-game/internal/auth/services/authService/mocks/auth_storage_mock.go:475.120,478.2 2 0
github.com/nineteen-night/empty-room-game/internal/auth/services/authService/mocks/auth_storage_mock.go:481.94,484.19 2 0
github.com/nineteen-night/empty-room-game/internal/auth/services/authService/mocks/auth_storage_mock.go:484.19,485.62 1 0
github.com/nineteen-night/empty-room-game/internal/auth/services/authService/mocks/auth_storage_mock.go:488.2,489.68 2 0
github.com/nineteen-night/empty-room-game/internal/auth/services/authService/mocks/auth_storage_mock.go:489.68,491.3 1 0
github.com/nineteen-night/empty-room-game/internal/auth/services/authService/mocks/auth_storage_mock.go:491.8,493.3 1 0
github.com/nineteen-night/empty-room-game/internal/auth/services/authService/mocks/auth_storage_mock.go:495.2,495.11 1 0
github.com/nineteen-night/empty-room-game/internal/auth/services/authService/mocks/auth_storage_mock.go:506.137,508.2 1 0
github.com/nineteen-night/empty-room-game/internal/auth/services/authService/mocks/auth_storage_mock.go:510.146,511.40 1 0
github.com/nineteen-night/empty-room-game/internal/auth/services/authService/mocks/auth_storage_mock.go:511.40,513.3 1 0
github.com/nineteen-night/empty-room-game/internal/auth/services/authService/mocks/auth_storage_mock.go:514.2,514.11 1 0
github.com/nineteen-night/empty-room-game/internal/auth/services/authService/mocks/auth_storage_mock.go:517.107,520.2 2 0
github.com/nineteen-night/empty-room-game/internal/auth/services/authService/mocks/auth_storage_mock.go:522.143,525.2 2 0
github.com/nineteen-night/empty-room-game/internal/auth/services/authService/mocks/auth_storage_mock.go:528.110,531.19 2 0
github.com/nineteen-night/empty-room-game/internal/auth/services/authService/mocks/auth_storage_mock.go:531.19,532.59 1 0
github.com/nineteen-night/empty-room-game/internal/auth/services/authService/mocks/auth_storage_mock.go:535.2,537.83 3 0
github.com/nineteen-night/empty-room-game/internal/auth/services/authService/mocks/auth_storage_mock.go:537.83,539.3 1 0
github.com/nineteen-night/empty-room-game/internal/auth/services/authService/mocks/auth_storage_mock.go:540.2,540.74 1 0
github.com/nineteen-night/empty-room-game/internal/auth/services/authService/mocks/auth_storage_mock.go:540.74,542.3 1 0
github.com/nineteen-night/empty-room-game/internal/auth/services/authService/mocks/auth_storage_mock.go:542.8,544.3 1 0
github.com/nineteen-night/empty-room-game/internal/auth/services/authService/mocks/auth_storage_mock.go:546.2,546.75 1 0
github.com/nineteen-night/empty-room-game/internal/auth/services/authService/mocks/auth_storage_mock.go:546.75,548.3 1 0
github.com/nineteen-night/empty-room-game/internal/auth/services/authService/mocks/auth_storage_mock.go:548.8,550.3 1 0
github.com/nineteen-night/empty-room-game/internal/auth/services/authService/mocks/auth_storage_mock.go:552.2,552.15 1 0
github.com/nineteen-night/empty-room-game/internal/auth/services/authService/mocks/auth_storage_mock.go:564.148,566.2 1 0
github.com/nineteen-night/empty-room-game/internal/auth/services/authService/mocks/auth_storage_mock.go:568.151,569.40 1 0
github.com/nineteen-night/empty-room-game/internal/auth/services/authService/mocks/auth_storage_mock.go:569.40,571.3 1 0
github.com/nineteen-night/empty-room-game/internal/auth/services/authService/mocks/auth_storage_mock.go:572.2,572.11 1 0
github.com/nineteen-night/empty-room-game/internal/auth/services/authService/mocks/auth_storage_mock.go:575.111,578.2 2 0
github.com/nineteen-night/empty-room-game/internal/auth/services/authService/mocks/auth_storage_mock.go:580.152,583.2 2 0
github.com/nineteen-night/empty-room-game/internal/auth/services/authService/mocks/auth_storage_mock.go:590.17,594.19 3 0
github.com/nineteen-night/empty-room-game/internal/auth/services/authService/mocks/auth_storage_mock.go:594.19,594.49 1 0
github.com/nineteen-night/empty-room-game/internal/auth/services/authService/mocks/auth_storage_mock.go:596.2,596.13 1 0
github.com/nineteen-night/empty-room-game/internal/auth/services/authService/mocks/event_sender_mock.go:20.55,22.2 1 0
github.com/nineteen-night/empty-room-game/internal/auth/services/authService/mocks/event_sender_mock.go:25.128,28.19 2 0
github.com/nineteen-night/empty-room-game/internal/auth/services/authService/mocks/event_sender_mock.go:28.19,29.64 1 0
github.com/nineteen-night/empty-room-game/internal/auth/services/authService/mocks/event_sender_mock.go:32.2,33.84 2 0
github.com/nineteen-night/empty-room-game/internal/auth/services/authService/mocks/event_sender_mock.go:33.84,35.3 1 0
github.com/nineteen-night/empty-room-game/internal/auth/services/authService/mocks/event_sender_mock.go:35.8,37.3 1 0
github.com/nineteen-night/empty-room-game/internal/auth/services/authService/mocks/event_sender_mock.go:39.2,39.11 1 0
github.com/nineteen-night/empty-room-game/internal/auth/services/authService/mocks/event_sender_mock.go:52.183,54.2 1 0
github.com/nineteen-night/empty-room-game/internal/auth/services/authService/mocks/event_sender_mock.go:56.182,57.40 1 0
github.com/nineteen-night/empty-room-game/internal/auth/services/authService/mocks/event_sender_mock.go:57.40,59.3 1 0
github.com/nineteen-night/empty-room-game/internal/auth/services/authService/mocks/event_sender_mock.go:60.2,60.11 1 0
github.com/nineteen-night/empty-room-game/internal/auth/services/authService/mocks/event_sender_mock.go:63.111,66.2 2 0
github.com/nineteen-night/empty-room-game/internal/auth/services/authService/mocks/event_sender_mock.go:68.163,71.2 2 0
github.com/nineteen-night/empty-room-game/internal/auth/services/authService/mocks/event_sender_mock.go:74.99,77.19 2 0
github.com/nineteen-night/empty-room-game/internal/auth/services/authService/mocks/event_sender_mock.go:77.19,78.67 1 0
github.com/nineteen-night/empty-room-game/internal/auth/services/authService/mocks/event_sender_mock.go:81.2,82.68 2 0
github.com/nineteen-night/empty-room-game/internal/auth/services/authService/mocks/event_sender_mock.go:82.68,84.3 1 0
github.com/nineteen-night/empty-room-game/internal/auth/services/authService/mocks/event_sender_mock.go:84.8,86.3 1 0
github.com/nineteen-night/empty-room-game/internal/auth/services/authService/mocks/event_sender_mock.go:88.2,88.11 1 0
github.com/nineteen-night/empty-room-game/internal/auth/services/authService/mocks/event_sender_mock.go:99.147,101.2 1 0
github.com/nineteen-night/empty-room-game/internal/auth/services/authService/mocks/event_sender_mock.go:103.156,104.40 1 0
github.com/nineteen-night/empty-room-game/internal/auth/services/authService/mocks/event_sender_mock.go:104.40,106.3 1 0
github.com/nineteen-night/empty-room-game/internal/auth/services/authService/mocks/event_sender_mock.go:107.2,107.11 1 0
github.com/nineteen-night/empty-room-game/internal/auth/services/authService/mocks/event_sender_mock.go:110.117,113.2 2 0
github.com/nineteen-night/empty-room-game/internal/auth/services/authService/mocks/event_sender_mock.go:115.153,118.2 2 0
github.com/nineteen-night/empty-room-game/internal/auth/services/authService/mocks/event_sender_mock.go:125.17,129.19 3 0
github.com/nineteen-night/empty-room-game/internal/auth/services/authService/mocks/event_sender_mock.go:129.19,129.49 1 0
github.com/nineteen-night/empty-room-game/internal/auth/services/authService/mocks/event_sender_mock.go:131.2,131.13 1 0
github.com/nineteen-night/empty-room-game/internal/auth/services/authService/auth_service.go:36.108,43.2 1 1
github.com/nineteen-night/empty-room-game/internal/auth/services/authService/auth_service.go:45.63,47.2 1 1
github.com/nineteen-night/empty-room-game/internal/auth/services/authService/login.go:11.99,12.63 1 1
github.com/nineteen-night/empty-room-game/internal/auth/services/authService/login.go:12.63,14.6 1 0
github.com/nineteen-night/empty-room-game/internal/auth/services/authService/login.go:16.5,17.19 2 1
github.com/nineteen-night/empty-room-game/internal/auth/services/authService/login.go:17.19,19.6 1 1
github.com/nineteen-night/empty-room-game/internal/auth/services/authService/login.go:20.5,20.20 1 1
github.com/nineteen-night/empty-room-game/internal/auth/services/authService/login.go:20.20,22.6 1 1
github.com/nineteen-night/empty-room-game/internal/auth/services/authService/login.go:24.5,24.70 1 1
github.com/nineteen-night/empty-room-game/internal/auth/services/authService/login.go:24.70,26.6 1 1
github.com/nineteen-night/empty-room-game/internal/auth/services/authService/login.go:28.5,28.21 1 1
github.com/nineteen-night/empty-room-game/internal/auth/services/authService/partnership.go:11.130,12.83 1 1
github.com/nineteen-night/empty-room-game/internal/auth/services/authService/partnership.go:12.83,15.6 1 1
github.com/nineteen-night/empty-room-game/internal/auth/services/authService/partnership.go:17.5,18.19 2 1
github.com/nineteen-night/empty-room-game/internal/auth/services/authService/partnership.go:18.19,20.6 1 0
github.com/nineteen-night/empty-room-game/internal/auth/services/authService/partnership.go:21.5,21.23 1 1
github.com/nineteen-night/empty-room-game/internal/auth/services/authService/partnership.go:21.23,23.6 1 1
github.com/nineteen-night/empty-room-game/internal/auth/services/authService/partnership.go:25.5,25.84 1 1
github.com/nineteen-night/empty-room-game/internal/auth/services/authService/partnership.go:25.84,27.6 1 1
github.com/nineteen-night/empty-room-game/internal/auth/services/authService/partnership.go:29.5,30.19 2 1
github.com/nineteen-night/empty-room-game/internal/auth/services/authService/partnership.go:30.19,32.6 1 0
github.com/nineteen-night/empty-room-game/internal/auth/services/authService/partnership.go:34.5,34.35 1 1
github.com/nineteen-night/empty-room-game/internal/auth/services/authService/partnership.go:34.35,36.6 1 1
github.com/nineteen-night/empty-room-game/internal/auth/services/authService/partnership.go:38.5,39.19 2 1
github.com/nineteen-night/empty-room-game/internal/auth/services/authService/partnership.go:39.19,41.6 1 0
github.com/nineteen-night/empty-room-game/internal/auth/services/authService/partnership.go:43.5,43.29 1 1
github.com/nineteen-night/empty-room-game/internal/auth/services/authService/partnership.go:43.29,44.115 1 1
github.com/nineteen-night/empty-room-game/internal/auth/services/authService/partnership.go:44.115,46.10 1 1
github.com/nineteen-night/empty-room-game/internal/auth/services/authService/partnership.go:49.5,53.11 1 1
github.com/nineteen-night/empty-room-game/internal/auth/services/authService/partnership.go:56.93,57.75 1 1
github.com/nineteen-night/empty-room-game/internal/auth/services/authService/partnership.go:57.75,59.6 1 1
github.com/nineteen-night/empty-room-game/internal/auth/services/authService/partnership.go:61.5,61.82 1 1
github.com/nineteen-night/empty-room-game/internal/auth/services/authService/partnership.go:61.82,63.6 1 1
github.com/nineteen-night/empty-room-game/internal/auth/services/authService/partnership.go:65.5,65.29 1 1
github.com/nineteen-night/empty-room-game/internal/auth/services/authService/partnership.go:65.29,66.91 1 1
github.com/nineteen-night/empty-room-game/internal/auth/services/authService/partnership.go:66.91,68.10 1 1
github.com/nineteen-night/empty-room-game/internal/auth/services/authService/partnership.go:71.5,71.15 1 1
github.com/nineteen-night/empty-room-game/internal/auth/services/authService/register.go:11.109,12.77 1 1
github.com/nineteen-night/empty-room-game/internal/auth/services/authService/register.go:12.77,14.6 1 1
github.com/nineteen-night/empty-room-game/internal/auth/services/authService/register.go:16.5,17.19 2 1
github.com/nineteen-night/empty-room-game/internal/auth/services/authService/register.go:17.19,19.6 1 0
github.com/nineteen-night/empty-room-game/internal/auth/services/authService/register.go:20.5,20.24 1 1
github.com/nineteen-night/empty-room-game/internal/auth/services/authService/register.go:20.24,22.6 1 1
github.com/nineteen-night/empty-room-game/internal/auth/services/authService/register.go:24.5,25.19 2 1
github.com/nineteen-night/empty-room-game/internal/auth/services/authService/register.go:25.19,27.6 1 1
github.com/nineteen-night/empty-room-game/internal/auth/services/authService/register.go:29.5,37.19 3 1
github.com/nineteen-night/empty-room-game/internal/auth/services/authService/register.go:37.19,39.6 1 1
github.com/nineteen-night/empty-room-game/internal/auth/services/authService/register.go:41.5,42.21 2 1
github.com/nineteen-night/empty-room-game/internal/auth/services/authService/user.go:11.89,13.19 2 1
github.com/nineteen-night/empty-room-game/internal/auth/services/authService/user.go:13.19,15.6 1 1
github.com/nineteen-night/empty-room-game/internal/auth/services/authService/user.go:16.5,16.20 1 1
github.com/nineteen-night/empty-room-game/internal/auth/services/authService/user.go:16.20,18.6 1 1
github.com/nineteen-night/empty-room-game/internal/auth/services/authService/user.go:19.5,19.21 1 1
github.com/nineteen-night/empty-room-game/internal/auth/services/authService/user.go:22.103,23.72 1 1
github.com/nineteen-night/empty-room-game/internal/auth/services/authService/user.go:23.72,25.3 1 1
github.com/nineteen-night/empty-room-game/internal/auth/services/authService/user.go:27.5,28.19 2 1
github.com/nineteen-night/empty-room-game/internal/auth/services/authService/user.go:28.19,30.6 1 1
github.com/nineteen-night/empty-room-game/internal/auth/services/authService/user.go:32.5,32.16 1 1
github.com/nineteen-night/empty-room-game/internal/auth/services/authService/user.go:32.16,34.6 1 1
github.com/nineteen-night/empty-room-game/internal/auth/services/authService/user.go:36.5,36.15 1 1
github.com/nineteen-night/empty-room-game/internal/auth/services/authService/validate.go:12.84,13.69 1 1
github.com/nineteen-night/empty-room-game/internal/auth/services/authService/validate.go:13.69,16.6 1 1
github.com/nineteen-night/empty-room-game/internal/auth/services/authService/validate.go:18.5,18.26 1 1
github.com/nineteen-night/empty-room-game/internal/auth/services/authService/validate.go:18.26,20.6 1 1
github.com/nineteen-night/empty-room-game/internal/auth/services/authService/validate.go:22.5,22.31 1 1
github.com/nineteen-night/empty-room-game/internal/auth/services/authService/validate.go:22.31,24.6 1 1
github.com/nineteen-night/empty-room-game/internal/auth/services/authService/validate.go:26.5,26.15 1 1
github.com/nineteen-night/empty-room-game/internal/auth/services/authService/validate.go:30.70,31.69 1 1
github.com/nineteen-night/empty-room-game/internal/auth/services/authService/validate.go:31.69,34.6 1 1
github.com/nineteen-night/empty-room-game/internal/auth/services/authService/validate.go:36.5,36.26 1 1
github.com/nineteen-night/empty-room-game/internal/auth/services/authService/validate.go:36.26,38.6 1 1
github.com/nineteen-night/empty-room-game/internal/auth/services/authService/validate.go:40.5,40.15 1 1
github.com/nineteen-night/empty-room-game/internal/auth/services/authService/validate.go:44.82,45.39 1 1
github.com/nineteen-night/empty-room-game/internal/auth/services/authService/validate.go:45.39,47.6 1 1
github.com/nineteen-night/empty-room-game/internal/auth/services/authService/validate.go:49.5,49.27 1 1
github.com/nineteen-night/empty-room-game/internal/auth/services/authService/validate.go:49.27,51.6 1 1
github.com/nineteen-night/empty-room-game/internal/auth/services/authService/validate.go:53.5,53.15 1 1
github.com/nineteen-night/empty-room-game/internal/auth/services/authService/validate.go:57.82,58.28 1 1
github.com/nineteen-night/empty-room-game/internal/auth/services/authService/validate.go:58.28,60.6 1 1
github.com/nineteen-night/empty-room-game/internal/auth/services/authService/validate.go:61.5,61.15 1 1
github.com/nineteen-night/empty-room-game/internal/auth/services/authService/validate.go:65.55,66.40 1 1
github.com/nineteen-night/empty-room-game/internal/auth/services/authService/validate.go:66.40,68.3 1 1
github.com/nineteen-night/empty-room-game/internal/auth/services/authService/validate.go:70.2,71.16 2 1
github.com/nineteen-night/empty-room-game/internal/auth/services/authService/validate.go:71.16,73.3 1 1
github.com/nineteen-night/empty-room-game/internal/auth/services/authService/validate.go:75.2,76.21 2 1
github.com/nineteen-night/empty-room-game/internal/auth/services/authService/validate.go:76.21,78.3 1 0
github.com/nineteen-night/empty-room-game/internal/auth/services/authService/validate.go:80.2,80.46 1 1
github.com/nineteen-night/empty-room-game/internal/auth/services/authService/validate.go:80.46,82.3 1 1
github.com/nineteen-night/empty-room-game/internal/auth/services/authService/validate.go:84.2,84.47 1 1
github.com/nineteen-night/empty-room-game/internal/auth/services/authService/validate.go:84.47,86.3 1 0
github.com/nineteen-night/empty-room-game/internal/auth/services/authService/validate.go:88.2,88.13 1 1
github.com/nineteen-night/empty-room-game/internal/auth/services/authService/validate.go:92.85,93.21 1 1
github.com/nineteen-night/empty-room-game/internal/auth/services/authService/validate.go:93.21,95.6 1 1
github.com/nineteen-night/empty-room-game/internal/auth/services/authService/validate.go:97.5,97.23 1 1
github.com/nineteen-night/empty-room-game/internal/auth/services/authService/validate.go:97.23,99.6 1 1
github.com/nineteen-night/empty-room-game/internal/auth/services/authService/validate.go:101.5,101.15 1 1
